0 info it worked if it ends with ok
1 verbose cli [ 'C:\\Program Files\\nodejs\\\\node.exe',
1 verbose cli   'C:\\Program Files\\nodejs\\node_modules\\npm\\bin\\npm-cli.js',
1 verbose cli   'install',
1 verbose cli   'sleep' ]
2 info using npm@2.7.4
3 info using node@v0.12.2
4 verbose node symlink C:\Program Files\nodejs\\node.exe
5 warn package.json chatroom@1.0.0 No repository field.
6 warn package.json chatroom@1.0.0 No README data
7 silly cache add args [ 'sleep', null ]
8 verbose cache add spec sleep
9 silly cache add parsed spec { raw: 'sleep',
9 silly cache add   scope: null,
9 silly cache add   name: 'sleep',
9 silly cache add   rawSpec: '',
9 silly cache add   spec: '*',
9 silly cache add   type: 'range' }
10 verbose addNamed sleep@*
11 silly addNamed semver.valid null
12 silly addNamed semver.validRange *
13 silly addNameRange { name: 'sleep', range: '*', hasData: false }
14 silly mapToRegistry name sleep
15 silly mapToRegistry using default registry
16 silly mapToRegistry registry https://registry.npmjs.org/
17 silly mapToRegistry uri https://registry.npmjs.org/sleep
18 verbose addNameRange registry:https://registry.npmjs.org/sleep not in flight; fetching
19 verbose request uri https://registry.npmjs.org/sleep
20 verbose request no auth needed
21 info attempt registry request try #1 at 9:19:41 PM
22 verbose request id f688efaac62b6d08
23 http request GET https://registry.npmjs.org/sleep
24 http 200 https://registry.npmjs.org/sleep
25 silly get cb [ 200,
25 silly get   { date: 'Sun, 19 Apr 2015 01:19:43 GMT',
25 silly get     server: 'CouchDB/1.5.0 (Erlang OTP/R16B03)',
25 silly get     etag: '"8CHWCM8WTGDTT20DRUI12JGGO"',
25 silly get     'content-type': 'application/json',
25 silly get     'cache-control': 'max-age=60',
25 silly get     'content-length': '14691',
25 silly get     'accept-ranges': 'bytes',
25 silly get     via: '1.1 varnish',
25 silly get     age: '32',
25 silly get     'x-served-by': 'cache-dfw1831-DFW',
25 silly get     'x-cache': 'HIT',
25 silly get     'x-cache-hits': '1',
25 silly get     'x-timer': 'S1429406383.114632,VS0,VE0',
25 silly get     vary: 'Accept',
25 silly get     'keep-alive': 'timeout=10, max=50',
25 silly get     connection: 'Keep-Alive' } ]
26 verbose get saving sleep to C:\Users\Barry\AppData\Roaming\npm-cache\registry.npmjs.org\sleep\.cache.json
27 silly addNameRange number 2 { name: 'sleep', range: '*', hasData: true }
28 silly addNameRange versions [ 'sleep',
28 silly addNameRange   [ '1.0.0',
28 silly addNameRange     '1.0.1',
28 silly addNameRange     '1.0.2',
28 silly addNameRange     '1.1.0',
28 silly addNameRange     '1.1.1',
28 silly addNameRange     '1.1.2',
28 silly addNameRange     '1.1.3',
28 silly addNameRange     '1.1.4',
28 silly addNameRange     '1.1.5',
28 silly addNameRange     '1.1.6',
28 silly addNameRange     '1.1.7',
28 silly addNameRange     '1.1.8',
28 silly addNameRange     '1.2.0',
28 silly addNameRange     '2.0.0' ] ]
29 verbose addNamed sleep@2.0.0
30 silly addNamed semver.valid 2.0.0
31 silly addNamed semver.validRange 2.0.0
32 silly mapToRegistry name sleep
33 silly mapToRegistry using default registry
34 silly mapToRegistry registry https://registry.npmjs.org/
35 silly mapToRegistry uri https://registry.npmjs.org/sleep
36 verbose addRemoteTarball https://registry.npmjs.org/sleep/-/sleep-2.0.0.tgz not in flight; adding
37 verbose addRemoteTarball [ 'https://registry.npmjs.org/sleep/-/sleep-2.0.0.tgz',
37 verbose addRemoteTarball   '96d8ef97970ecad464b146ea5e86dd5d6ceb65bc' ]
38 info retry fetch attempt 1 at 9:19:41 PM
39 info attempt registry request try #1 at 9:19:41 PM
40 http fetch GET https://registry.npmjs.org/sleep/-/sleep-2.0.0.tgz
41 http fetch 200 https://registry.npmjs.org/sleep/-/sleep-2.0.0.tgz
42 silly fetchAndShaCheck shasum 96d8ef97970ecad464b146ea5e86dd5d6ceb65bc
43 verbose addTmpTarball C:\Users\Barry\AppData\Local\Temp\npm-6848-d3f9b0e1\registry.npmjs.org\sleep\-\sleep-2.0.0.tgz not in flight; adding
44 verbose addTmpTarball already have metadata; skipping unpack for sleep@2.0.0
45 silly cache afterAdd sleep@2.0.0
46 verbose afterAdd C:\Users\Barry\AppData\Roaming\npm-cache\sleep\2.0.0\package\package.json not in flight; writing
47 verbose afterAdd C:\Users\Barry\AppData\Roaming\npm-cache\sleep\2.0.0\package\package.json written
48 silly install resolved [ { name: 'sleep',
48 silly install resolved     version: '2.0.0',
48 silly install resolved     main: 'index.js',
48 silly install resolved     description: 'Add sleep() and usleep() to nodejs',
48 silly install resolved     homepage: 'http://github.com/ErikDubbelboer/node-sleep',
48 silly install resolved     author: { name: 'Erik Dubbelboer', email: 'erik@dubbelboer.com' },
48 silly install resolved     engines: { node: '>=0.4.0' },
48 silly install resolved     keywords: [ 'sleep', 'usleep' ],
48 silly install resolved     repository:
48 silly install resolved      { type: 'git',
48 silly install resolved        url: 'https://github.com/ErikDubbelboer/node-sleep.git' },
48 silly install resolved     dependencies: { nan: '*' },
48 silly install resolved     gypfile: true,
48 silly install resolved     scripts: { install: 'node-gyp rebuild' },
48 silly install resolved     gitHead: '3c850e05250d3ad72499fb0cefc4be13e9ce24d2',
48 silly install resolved     bugs: { url: 'https://github.com/ErikDubbelboer/node-sleep/issues' },
48 silly install resolved     _id: 'sleep@2.0.0',
48 silly install resolved     _shasum: '96d8ef97970ecad464b146ea5e86dd5d6ceb65bc',
48 silly install resolved     _from: 'sleep@*',
48 silly install resolved     _npmVersion: '1.4.28',
48 silly install resolved     _npmUser: { name: 'erikdubbelboer', email: 'erik@dubbelboer.com' },
48 silly install resolved     maintainers: [ [Object] ],
48 silly install resolved     dist:
48 silly install resolved      { shasum: '96d8ef97970ecad464b146ea5e86dd5d6ceb65bc',
48 silly install resolved        tarball: 'http://registry.npmjs.org/sleep/-/sleep-2.0.0.tgz' },
48 silly install resolved     directories: {},
48 silly install resolved     _resolved: 'https://registry.npmjs.org/sleep/-/sleep-2.0.0.tgz' } ]
49 info install sleep@2.0.0 into C:\projects\chatroom
50 info installOne sleep@2.0.0
51 verbose installOne of sleep to C:\projects\chatroom not in flight; installing
52 verbose lock using C:\Users\Barry\AppData\Roaming\npm-cache\_locks\sleep-fa05a1dc4fcc1311.lock for C:\projects\chatroom\node_modules\sleep
53 silly install write writing sleep 2.0.0 to C:\projects\chatroom\node_modules\sleep
54 silly cache addNamed cb sleep@2.0.0
55 verbose unbuild node_modules\sleep
56 silly gentlyRm C:\projects\chatroom\node_modules\sleep is being purged from base C:\projects\chatroom
57 verbose gentlyRm don't care about contents; nuking C:\projects\chatroom\node_modules\sleep
58 verbose tar unpack C:\Users\Barry\AppData\Roaming\npm-cache\sleep\2.0.0\package.tgz
59 verbose tar unpacking to C:\projects\chatroom\node_modules\sleep
60 silly gentlyRm C:\projects\chatroom\node_modules\sleep is being purged
61 verbose gentlyRm don't care about contents; nuking C:\projects\chatroom\node_modules\sleep
62 silly gunzTarPerm modes [ '777', '666' ]
63 silly gunzTarPerm extractEntry package.json
64 silly gunzTarPerm modified mode [ 'package.json', 436, 438 ]
65 silly gunzTarPerm extractEntry .npmignore
66 silly gunzTarPerm modified mode [ '.npmignore', 436, 438 ]
67 silly gunzTarPerm extractEntry README.md
68 silly gunzTarPerm modified mode [ 'README.md', 436, 438 ]
69 silly gunzTarPerm extractEntry test.js
70 silly gunzTarPerm modified mode [ 'test.js', 436, 438 ]
71 silly gunzTarPerm extractEntry index.js
72 silly gunzTarPerm modified mode [ 'index.js', 436, 438 ]
73 silly gunzTarPerm extractEntry LICENSE.txt
74 silly gunzTarPerm modified mode [ 'LICENSE.txt', 436, 438 ]
75 silly gunzTarPerm extractEntry sleep.cc
76 silly gunzTarPerm modified mode [ 'sleep.cc', 436, 438 ]
77 silly gunzTarPerm extractEntry binding.gyp
78 silly gunzTarPerm modified mode [ 'binding.gyp', 436, 438 ]
79 info preinstall sleep@2.0.0
80 silly prepareForInstallMany adding nan@* from sleep dependencies
81 silly cache add args [ 'nan@*', null ]
82 verbose cache add spec nan@*
83 silly cache add parsed spec { raw: 'nan@*',
83 silly cache add   scope: null,
83 silly cache add   name: 'nan',
83 silly cache add   rawSpec: '*',
83 silly cache add   spec: '*',
83 silly cache add   type: 'range' }
84 verbose addNamed nan@*
85 silly addNamed semver.valid null
86 silly addNamed semver.validRange *
87 silly addNameRange { name: 'nan', range: '*', hasData: false }
88 silly mapToRegistry name nan
89 silly mapToRegistry using default registry
90 silly mapToRegistry registry https://registry.npmjs.org/
91 silly mapToRegistry uri https://registry.npmjs.org/nan
92 verbose addNameRange registry:https://registry.npmjs.org/nan not in flight; fetching
93 verbose request uri https://registry.npmjs.org/nan
94 verbose request no auth needed
95 info attempt registry request try #1 at 9:19:42 PM
96 http request GET https://registry.npmjs.org/nan
97 http 200 https://registry.npmjs.org/nan
98 silly get cb [ 200,
98 silly get   { date: 'Sun, 19 Apr 2015 01:19:43 GMT',
98 silly get     server: 'CouchDB/1.5.0 (Erlang OTP/R16B03)',
98 silly get     etag: '"5IOU70T0MNE17LALUE9YPLT5T"',
98 silly get     'content-type': 'application/json',
98 silly get     'cache-control': 'max-age=60',
98 silly get     'content-length': '96185',
98 silly get     'accept-ranges': 'bytes',
98 silly get     via: '1.1 varnish',
98 silly get     age: '36',
98 silly get     'x-served-by': 'cache-dfw1830-DFW',
98 silly get     'x-cache': 'HIT',
98 silly get     'x-cache-hits': '2',
98 silly get     'x-timer': 'S1429406383.975494,VS0,VE0',
98 silly get     vary: 'Accept',
98 silly get     'keep-alive': 'timeout=10, max=50',
98 silly get     connection: 'Keep-Alive' } ]
99 verbose get saving nan to C:\Users\Barry\AppData\Roaming\npm-cache\registry.npmjs.org\nan\.cache.json
100 silly addNameRange number 2 { name: 'nan', range: '*', hasData: true }
101 silly addNameRange versions [ 'nan',
101 silly addNameRange   [ '0.3.0-wip',
101 silly addNameRange     '0.3.0-wip2',
101 silly addNameRange     '0.3.0',
101 silly addNameRange     '0.3.1',
101 silly addNameRange     '0.3.2',
101 silly addNameRange     '0.4.0',
101 silly addNameRange     '0.4.1',
101 silly addNameRange     '0.4.2',
101 silly addNameRange     '0.4.3',
101 silly addNameRange     '0.4.4',
101 silly addNameRange     '0.5.0',
101 silly addNameRange     '0.5.1',
101 silly addNameRange     '0.5.2',
101 silly addNameRange     '0.6.0',
101 silly addNameRange     '0.7.0',
101 silly addNameRange     '0.7.1',
101 silly addNameRange     '0.8.0',
101 silly addNameRange     '1.0.0',
101 silly addNameRange     '1.1.0',
101 silly addNameRange     '1.1.1',
101 silly addNameRange     '1.1.2',
101 silly addNameRange     '1.2.0',
101 silly addNameRange     '1.3.0',
101 silly addNameRange     '1.4.0',
101 silly addNameRange     '1.4.1',
101 silly addNameRange     '1.5.0',
101 silly addNameRange     '1.4.2',
101 silly addNameRange     '1.4.3',
101 silly addNameRange     '1.5.1',
101 silly addNameRange     '1.5.2',
101 silly addNameRange     '1.6.0',
101 silly addNameRange     '1.5.3',
101 silly addNameRange     '1.6.1',
101 silly addNameRange     '1.6.2',
101 silly addNameRange     '1.7.0' ] ]
102 verbose addNamed nan@1.7.0
103 silly addNamed semver.valid 1.7.0
104 silly addNamed semver.validRange 1.7.0
105 silly mapToRegistry name nan
106 silly mapToRegistry using default registry
107 silly mapToRegistry registry https://registry.npmjs.org/
108 silly mapToRegistry uri https://registry.npmjs.org/nan
109 verbose addRemoteTarball https://registry.npmjs.org/nan/-/nan-1.7.0.tgz not in flight; adding
110 verbose addRemoteTarball [ 'https://registry.npmjs.org/nan/-/nan-1.7.0.tgz',
110 verbose addRemoteTarball   '755b997404e83cbe7bc08bc3c5c56291bce87438' ]
111 info retry fetch attempt 1 at 9:19:42 PM
112 info attempt registry request try #1 at 9:19:42 PM
113 http fetch GET https://registry.npmjs.org/nan/-/nan-1.7.0.tgz
114 http fetch 200 https://registry.npmjs.org/nan/-/nan-1.7.0.tgz
115 silly fetchAndShaCheck shasum 755b997404e83cbe7bc08bc3c5c56291bce87438
116 verbose addTmpTarball C:\Users\Barry\AppData\Local\Temp\npm-6848-d3f9b0e1\registry.npmjs.org\nan\-\nan-1.7.0.tgz not in flight; adding
117 verbose addTmpTarball already have metadata; skipping unpack for nan@1.7.0
118 silly cache afterAdd nan@1.7.0
119 verbose afterAdd C:\Users\Barry\AppData\Roaming\npm-cache\nan\1.7.0\package\package.json not in flight; writing
120 verbose afterAdd C:\Users\Barry\AppData\Roaming\npm-cache\nan\1.7.0\package\package.json written
121 silly install resolved [ { name: 'nan',
121 silly install resolved     version: '1.7.0',
121 silly install resolved     description: 'Native Abstractions for Node.js: C++ header for Node 0.8->0.12 compatibility',
121 silly install resolved     main: 'include_dirs.js',
121 silly install resolved     repository: { type: 'git', url: 'git://github.com/rvagg/nan.git' },
121 silly install resolved     scripts:
121 silly install resolved      { test: 'tap --gc test/js/*-test.js',
121 silly install resolved        'rebuild-tests': 'pangyp rebuild --directory test' },
121 silly install resolved     contributors:
121 silly install resolved      [ [Object],
121 silly install resolved        [Object],
121 silly install resolved        [Object],
121 silly install resolved        [Object],
121 silly install resolved        [Object],
121 silly install resolved        [Object],
121 silly install resolved        [Object] ],
121 silly install resolved     devDependencies:
121 silly install resolved      { bindings: '~1.2.1',
121 silly install resolved        'node-gyp': '~1.0.2',
121 silly install resolved        pangyp: '~2.0.1',
121 silly install resolved        tap: '~0.5.0',
121 silly install resolved        xtend: '~4.0.0' },
121 silly install resolved     license: 'MIT',
121 silly install resolved     gitHead: '550efb5dde5cb6bf79db87ab48dce850e56e971a',
121 silly install resolved     bugs: { url: 'https://github.com/rvagg/nan/issues' },
121 silly install resolved     homepage: 'https://github.com/rvagg/nan',
121 silly install resolved     _id: 'nan@1.7.0',
121 silly install resolved     _shasum: '755b997404e83cbe7bc08bc3c5c56291bce87438',
121 silly install resolved     _from: 'nan@*',
121 silly install resolved     _npmVersion: '2.5.1',
121 silly install resolved     _nodeVersion: '0.12.0',
121 silly install resolved     _npmUser: { name: 'kkoopa', email: 'bbyholm@abo.fi' },
121 silly install resolved     maintainers: [ [Object], [Object] ],
121 silly install resolved     dist:
121 silly install resolved      { shasum: '755b997404e83cbe7bc08bc3c5c56291bce87438',
121 silly install resolved        tarball: 'http://registry.npmjs.org/nan/-/nan-1.7.0.tgz' },
121 silly install resolved     directories: {},
121 silly install resolved     _resolved: 'https://registry.npmjs.org/nan/-/nan-1.7.0.tgz' } ]
122 info install nan@1.7.0 into C:\projects\chatroom\node_modules\sleep
123 info installOne nan@1.7.0
124 verbose installOne of nan to C:\projects\chatroom\node_modules\sleep not in flight; installing
125 verbose lock using C:\Users\Barry\AppData\Roaming\npm-cache\_locks\nan-6d0842a4f8f002e7.lock for C:\projects\chatroom\node_modules\sleep\node_modules\nan
126 silly install write writing nan 1.7.0 to C:\projects\chatroom\node_modules\sleep\node_modules\nan
127 silly cache addNamed cb nan@1.7.0
128 verbose unbuild node_modules\sleep\node_modules\nan
129 silly gentlyRm C:\projects\chatroom\node_modules\sleep\node_modules\nan is being purged from base C:\projects\chatroom
130 verbose gentlyRm don't care about contents; nuking C:\projects\chatroom\node_modules\sleep\node_modules\nan
131 verbose tar unpack C:\Users\Barry\AppData\Roaming\npm-cache\nan\1.7.0\package.tgz
132 verbose tar unpacking to C:\projects\chatroom\node_modules\sleep\node_modules\nan
133 silly gentlyRm C:\projects\chatroom\node_modules\sleep\node_modules\nan is being purged
134 verbose gentlyRm don't care about contents; nuking C:\projects\chatroom\node_modules\sleep\node_modules\nan
135 silly gunzTarPerm modes [ '777', '666' ]
136 silly gunzTarPerm extractEntry package.json
137 silly gunzTarPerm modified mode [ 'package.json', 436, 438 ]
138 silly gunzTarPerm extractEntry include_dirs.js
139 silly gunzTarPerm modified mode [ 'include_dirs.js', 436, 438 ]
140 silly gunzTarPerm extractEntry LICENSE.md
141 silly gunzTarPerm modified mode [ 'LICENSE.md', 436, 438 ]
142 silly gunzTarPerm extractEntry .dntrc
143 silly gunzTarPerm modified mode [ '.dntrc', 436, 438 ]
144 silly gunzTarPerm extractEntry appveyor.yml
145 silly gunzTarPerm modified mode [ 'appveyor.yml', 436, 438 ]
146 silly gunzTarPerm extractEntry nan.h
147 silly gunzTarPerm modified mode [ 'nan.h', 436, 438 ]
148 silly gunzTarPerm extractEntry nan_implementation_12_inl.h
149 silly gunzTarPerm modified mode [ 'nan_implementation_12_inl.h', 436, 438 ]
150 silly gunzTarPerm extractEntry nan_implementation_pre_12_inl.h
151 silly gunzTarPerm modified mode [ 'nan_implementation_pre_12_inl.h', 436, 438 ]
152 silly gunzTarPerm extractEntry nan_new.h
153 silly gunzTarPerm modified mode [ 'nan_new.h', 436, 438 ]
154 silly gunzTarPerm extractEntry nan_string_bytes.h
155 silly gunzTarPerm modified mode [ 'nan_string_bytes.h', 436, 438 ]
156 silly gunzTarPerm extractEntry CHANGELOG.md
157 silly gunzTarPerm modified mode [ 'CHANGELOG.md', 436, 438 ]
158 info preinstall nan@1.7.0
159 silly install resolved []
160 verbose about to build C:\projects\chatroom\node_modules\sleep\node_modules\nan
161 info build C:\projects\chatroom\node_modules\sleep\node_modules\nan
162 verbose linkStuff [ false,
162 verbose linkStuff   false,
162 verbose linkStuff   false,
162 verbose linkStuff   'C:\\projects\\chatroom\\node_modules\\sleep\\node_modules' ]
163 info linkStuff nan@1.7.0
164 verbose linkBins nan@1.7.0
165 verbose linkMans nan@1.7.0
166 verbose rebuildBundles nan@1.7.0
167 info install nan@1.7.0
168 info postinstall nan@1.7.0
169 verbose unlock done using C:\Users\Barry\AppData\Roaming\npm-cache\_locks\nan-6d0842a4f8f002e7.lock for C:\projects\chatroom\node_modules\sleep\node_modules\nan
170 verbose about to build C:\projects\chatroom\node_modules\sleep
171 info build C:\projects\chatroom\node_modules\sleep
172 verbose linkStuff [ false, false, false, 'C:\\projects\\chatroom\\node_modules' ]
173 info linkStuff sleep@2.0.0
174 verbose linkBins sleep@2.0.0
175 verbose linkMans sleep@2.0.0
176 verbose rebuildBundles sleep@2.0.0
177 verbose rebuildBundles [ 'nan' ]
178 info install sleep@2.0.0
179 verbose unsafe-perm in lifecycle true
180 info sleep@2.0.0 Failed to exec install script
181 verbose unlock done using C:\Users\Barry\AppData\Roaming\npm-cache\_locks\sleep-fa05a1dc4fcc1311.lock for C:\projects\chatroom\node_modules\sleep
182 verbose stack Error: sleep@2.0.0 install: `node-gyp rebuild`
182 verbose stack Exit status 1
182 verbose stack     at EventEmitter.<anonymous> (C:\Program Files\nodejs\node_modules\npm\lib\utils\lifecycle.js:213:16)
182 verbose stack     at EventEmitter.emit (events.js:110:17)
182 verbose stack     at ChildProcess.<anonymous> (C:\Program Files\nodejs\node_modules\npm\lib\utils\spawn.js:14:12)
182 verbose stack     at ChildProcess.emit (events.js:110:17)
182 verbose stack     at maybeClose (child_process.js:1015:16)
182 verbose stack     at Process.ChildProcess._handle.onexit (child_process.js:1087:5)
183 verbose pkgid sleep@2.0.0
184 verbose cwd C:\projects\chatroom
185 error Windows_NT 6.1.7600
186 error argv "C:\\Program Files\\nodejs\\\\node.exe" "C:\\Program Files\\nodejs\\node_modules\\npm\\bin\\npm-cli.js" "install" "sleep"
187 error node v0.12.2
188 error npm  v2.7.4
189 error code ELIFECYCLE
190 error sleep@2.0.0 install: `node-gyp rebuild`
190 error Exit status 1
191 error Failed at the sleep@2.0.0 install script 'node-gyp rebuild'.
191 error This is most likely a problem with the sleep package,
191 error not with npm itself.
191 error Tell the author that this fails on your system:
191 error     node-gyp rebuild
191 error You can get their info via:
191 error     npm owner ls sleep
191 error There is likely additional logging output above.
192 verbose exit [ 1, true ]
193 verbose unbuild node_modules\sleep
194 info preuninstall sleep@2.0.0
195 info uninstall sleep@2.0.0
196 verbose unbuild rmStuff sleep@2.0.0 from C:\projects\chatroom\node_modules
197 info postuninstall sleep@2.0.0
198 silly gentlyRm C:\projects\chatroom\node_modules\sleep is being purged from base C:\projects\chatroom
199 verbose gentlyRm don't care about contents; nuking C:\projects\chatroom\node_modules\sleep
200 silly vacuum-fs purging C:\projects\chatroom\node_modules\sleep
201 silly vacuum-fs removing C:\projects\chatroom\node_modules
202 silly vacuum-fs finished vacuuming up to C:\projects\chatroom
